<?xml version="1.0" encoding="UTF-8"?>
<!-- Generated by org.testng.reporters.JUnitXMLReporter -->
<testsuite ignored="0" hostname="subi" failures="1" tests="5" name="Regression" time="6.831" errors="0" timestamp="2023-03-24T18:33:44 IST">
  <testcase classname="UI_WEB.Listenerdemotest" name="launchApp" time="2.375">
    <skipped/>
  </testcase> <!-- launchApp -->
  <testcase classname="UI_WEB.Listenerdemotest" name="launchApp" time="1.08">
    <skipped/>
  </testcase> <!-- launchApp -->
  <testcase classname="UI_WEB.Listenerdemotest" name="launchApp" time="1.057">
    <skipped/>
  </testcase> <!-- launchApp -->
  <testcase classname="UI_WEB.Listenerdemotest" name="launchApp" time="1.032">
    <skipped/>
  </testcase> <!-- launchApp -->
  <testcase classname="UI_WEB.Listenerdemotest" name="launchApp" time="1.262">
    <failure type="java.lang.AssertionError" message="expected [true] but found [false]">
      <![CDATA[java.lang.AssertionError: expected [true] but found [false]
at UI_WEB.Listenerdemotest.launchApp(Listenerdemotest.java:20)
at java.base/java.util.ArrayList.forEach(ArrayList.java:1511)
... Removed 31 stack frames]]>
    </failure>
  </testcase> <!-- launchApp -->
</testsuite> <!-- Regression -->
