<?xml version="1.0" encoding="UTF-8"?>
<!-- Generated by org.testng.reporters.JUnitXMLReporter -->
<testsuite ignored="0" hostname="subi" failures="1" tests="10" name="Functional Testing" time="8.424" errors="0" timestamp="2023-03-18T18:43:51 IST">
  <testcase classname="UI_WEB.BATestandBAMethod" name="test1" time="0.005"/>
  <testcase classname="UI_WEB.BATestandBAMethod" name="test2" time="0.001"/>
  <testcase classname="UI_WEB.VerifyTitleandTexttut5" name="Titletest" time="5.555">
    <failure type="java.lang.AssertionError" message="The following asserts failed:
	verifying title failed expected [Electronics, Cars and scooter , Fashion, Collectibles &amp;amp; More | eBay] but found [Electronics, Cars, Fashion, Collectibles &amp;amp; More | eBay]">
      <![CDATA[java.lang.AssertionError: The following asserts failed:
verifying title failed expected [Electronics, Cars and scooter , Fashion, Collectibles & More | eBay] but found [Electronics, Cars, Fashion, Collectibles & More | eBay]
at UI_WEB.VerifyTitleandTexttut5.Titletest(VerifyTitleandTexttut5.java:40)
at java.base/java.util.ArrayList.forEach(ArrayList.java:1511)
... Removed 29 stack frames]]>
    </failure>
  </testcase> <!-- Titletest -->
  <testcase classname="UI_WEB.LoginTest1" name="Logouttest" time="0.001"/>
  <testcase classname="UI_WEB.LoginTest1" name="Logintest" time="0.0"/>
  <testcase classname="UI_WEB.GroupDemo" name="atest2" time="0.002"/>
  <testcase classname="UI_WEB.GroupDemo" name="atest3" time="0.001"/>
  <testcase classname="UI_WEB.GroupDemo" name="atest4" time="0.001"/>
  <testcase classname="UI_WEB.GroupDemo" name="atest1" time="0.001"/>
  <testcase classname="UI_WEB.VerifyTitleTest" name="Titletest" time="2.799"/>
</testsuite> <!-- Functional Testing -->
